Detecting C compiler ABI info failed to compile with the following output:
Change Dir: C:/Users/Dimitri/Desktop/Projetos algoritmos/Guiao 2/signo/cmake-build-debug/CMakeFiles/CMakeTmp

Run Build Command:"C:/PROGRA~2/mingw-w64/i686-8.1.0-posix-dwarf-rt_v6-rev0/mingw32/bin/mingw32-make.exe" "cmTC_fe47a/fast"
C:/PROGRA~2/mingw-w64/i686-8.1.0-posix-dwarf-rt_v6-rev0/mingw32/bin/mingw32-make.exe -f CMakeFiles\cmTC_fe47a.dir\build.make CMakeFiles/cmTC_fe47a.dir/build
mingw32-make.exe[1]: Entering directory 'C:/Users/Dimitri/Desktop/Projetos algoritmos/Guiao 2/signo/cmake-build-debug/CMakeFiles/CMakeTmp'
Building C object CMakeFiles/cmTC_fe47a.dir/CMakeCCompilerABI.c.obj
C:\PROGRA~2\mingw-w64\i686-8.1.0-posix-dwarf-rt_v6-rev0\mingw32\bin\gcc.exe    -o CMakeFiles\cmTC_fe47a.dir\CMakeCCompilerABI.c.obj   -c "C:\Program Files\JetBrains\CLion 2018.3.4\bin\cmake\win\share\cmake-3.13\Modules\CMakeCCompilerABI.c"
Linking C executable cmTC_fe47a.exe
"C:\Program Files\JetBrains\CLion 2018.3.4\bin\cmake\win\bin\cmake.exe" -E cmake_link_script CMakeFiles\cmTC_fe47a.dir\link.txt --verbose=1
"C:\Program Files\JetBrains\CLion 2018.3.4\bin\cmake\win\bin\cmake.exe" -E remove -f CMakeFiles\cmTC_fe47a.dir/objects.a
C:\PROGRA~2\mingw-w64\i686-8.1.0-posix-dwarf-rt_v6-rev0\mingw32\bin\ar.exe cr CMakeFiles\cmTC_fe47a.dir/objects.a @CMakeFiles\cmTC_fe47a.dir\objects1.rsp
C:\PROGRA~2\mingw-w64\i686-8.1.0-posix-dwarf-rt_v6-rev0\mingw32\bin\gcc.exe     -v -Wl,--whole-archive CMakeFiles\cmTC_fe47a.dir/objects.a -Wl,--no-whole-archive  -o cmTC_fe47a.exe -Wl,--out-implib,libcmTC_fe47a.dll.a -Wl,--major-image-version,0,--minor-image-version,0 
Using built-in specs.
COLLECT_GCC=C:\PROGRA~2\mingw-w64\i686-8.1.0-posix-dwarf-rt_v6-rev0\mingw32\bin\gcc.exe
COLLECT_LTO_WRAPPER=C:/PROGRA~2/mingw-w64/i686-8.1.0-posix-dwarf-rt_v6-rev0/mingw32/bin/../libexec/gcc/i686-w64-mingw32/8.1.0/lto-wrapper.exe
Target: i686-w64-mingw32
Configured with: ../../../src/gcc-8.1.0/configure --host=i686-w64-mingw32 --build=i686-w64-mingw32 --target=i686-w64-mingw32 --prefix=/mingw32 --with-sysroot=/c/mingw810/i686-810-posix-dwarf-rt_v6-rev0/mingw32 --enable-shared --enable-static --disable-multilib --enable-languages=c,c++,fortran,lto --enable-libstdcxx-time=yes --enable-threads=posix --enable-libgomp --enable-libatomic --enable-lto --enable-graphite --enable-checking=release --enable-fully-dynamic-string --enable-version-specific-runtime-libs --disable-sjlj-exceptions --with-dwarf2 --disable-libstdcxx-pch --disable-libstdcxx-debug --enable-bootstrap --disable-rpath --disable-win32-registry --disable-nls --disable-werror --disable-symvers --with-gnu-as --with-gnu-ld --with-arch=i686 --with-tune=generic --with-libiconv --with-system-zlib --with-gmp=/c/mingw810/prerequisites/i686-w64-mingw32-static --with-mpfr=/c/mingw810/prerequisites/i686-w64-mingw32-static --with-mpc=/c/mingw810/prerequisites/i686-w64-mingw32-static --with-isl=/c/mingw810/prerequisites/i686-w64-mingw32-static --with-pkgversion='i686-posix-dwarf-rev0, Built by MinGW-W64 project' --with-bugurl=https://sourceforge.net/projects/mingw-w64 CFLAGS='-O2 -pipe -fno-ident -I/c/mingw810/i686-810-posix-dwarf-rt_v6-rev0/mingw32/opt/include -I/c/mingw810/prerequisites/i686-zlib-static/include -I/c/mingw810/prerequisites/i686-w64-mingw32-static/include' CXXFLAGS='-O2 -pipe -fno-ident -I/c/mingw810/i686-810-posix-dwarf-rt_v6-rev0/mingw32/opt/include -I/c/mingw810/prerequisites/i686-zlib-static/include -I/c/mingw810/prerequisites/i686-w64-mingw32-static/include' CPPFLAGS=' -I/c/mingw810/i686-810-posix-dwarf-rt_v6-rev0/mingw32/opt/include -I/c/mingw810/prerequisites/i686-zlib-static/include -I/c/mingw810/prerequisites/i686-w64-mingw32-static/include' LDFLAGS='-pipe -fno-ident -L/c/mingw810/i686-810-posix-dwarf-rt_v6-rev0/mingw32/opt/lib -L/c/mingw810/prerequisites/i686-zlib-static/lib -L/c/mingw810/prerequisites/i686-w64-mingw32-static/lib -Wl,--large-address-aware'
Thread model: posix
gcc version 8.1.0 (i686-posix-dwarf-rev0, Built by MinGW-W64 project) 
COMPILER_PATH=C:/PROGRA~2/mingw-w64/i686-8.1.0-posix-dwarf-rt_v6-rev0/mingw32/bin/../libexec/gcc/i686-w64-mingw32/8.1.0/;C:/PROGRA~2/mingw-w64/i686-8.1.0-posix-dwarf-rt_v6-rev0/mingw32/bin/../libexec/gcc/;C:/PROGRA~2/mingw-w64/i686-8.1.0-posix-dwarf-rt_v6-rev0/mingw32/bin/../lib/gcc/i686-w64-mingw32/8.1.0/../../../../i686-w64-mingw32/bin/
LIBRARY_PATH=C:/PROGRA~2/mingw-w64/i686-8.1.0-posix-dwarf-rt_v6-rev0/mingw32/bin/../lib/gcc/i686-w64-mingw32/8.1.0/;C:/PROGRA~2/mingw-w64/i686-8.1.0-posix-dwarf-rt_v6-rev0/mingw32/bin/../lib/gcc/;C:/PROGRA~2/mingw-w64/i686-8.1.0-posix-dwarf-rt_v6-rev0/mingw32/bin/../lib/gcc/i686-w64-mingw32/8.1.0/../../../../i686-w64-mingw32/lib/../lib/;C:/PROGRA~2/mingw-w64/i686-8.1.0-posix-dwarf-rt_v6-rev0/mingw32/bin/../lib/gcc/i686-w64-mingw32/8.1.0/../../../../lib/;C:/PROGRA~2/mingw-w64/i686-8.1.0-posix-dwarf-rt_v6-rev0/mingw32/bin/../lib/gcc/i686-w64-mingw32/8.1.0/../../../../i686-w64-mingw32/lib/;C:/PROGRA~2/mingw-w64/i686-8.1.0-posix-dwarf-rt_v6-rev0/mingw32/bin/../lib/gcc/i686-w64-mingw32/8.1.0/../../../
COLLECT_GCC_OPTIONS='-v' '-o' 'cmTC_fe47a.exe' '-mtune=generic' '-march=i686'
 C:/PROGRA~2/mingw-w64/i686-8.1.0-posix-dwarf-rt_v6-rev0/mingw32/bin/../libexec/gcc/i686-w64-mingw32/8.1.0/collect2.exe -plugin C:/PROGRA~2/mingw-w64/i686-8.1.0-posix-dwarf-rt_v6-rev0/mingw32/bin/../libexec/gcc/i686-w64-mingw32/8.1.0/liblto_plugin-0.dll -plugin-opt=C:/PROGRA~2/mingw-w64/i686-8.1.0-posix-dwarf-rt_v6-rev0/mingw32/bin/../libexec/gcc/i686-w64-mingw32/8.1.0/lto-wrapper.exe -plugin-opt=-fresolution=C:\Users\Dimitri\AppData\Local\Temp\cccI7YHZ.res -plugin-opt=-pass-through=-lmingw32 -plugin-opt=-pass-through=-lgcc -plugin-opt=-pass-through=-lgcc_eh -plugin-opt=-pass-through=-lmoldname -plugin-opt=-pass-through=-lmingwex -plugin-opt=-pass-through=-lmsvcrt -plugin-opt=-pass-through=-lpthread -plugin-opt=-pass-through=-ladvapi32 -plugin-opt=-pass-through=-lshell32 -plugin-opt=-pass-through=-luser32 -plugin-opt=-pass-through=-lkernel32 -plugin-opt=-pass-through=-liconv -plugin-opt=-pass-through=-lmingw32 -plugin-opt=-pass-through=-lgcc -plugin-opt=-pass-through=-lgcc_eh -plugin-opt=-pass-through=-lmoldname -plugin-opt=-pass-through=-lmingwex -plugin-opt=-pass-through=-lmsvcrt --sysroot=C:/mingw810/i686-810-posix-dwarf-rt_v6-rev0/mingw32 -m i386pe -Bdynamic -o cmTC_fe47a.exe C:/PROGRA~2/mingw-w64/i686-8.1.0-posix-dwarf-rt_v6-rev0/mingw32/bin/../lib/gcc/i686-w64-mingw32/8.1.0/../../../../i686-w64-mingw32/lib/../lib/crt2.o C:/PROGRA~2/mingw-w64/i686-8.1.0-posix-dwarf-rt_v6-rev0/mingw32/bin/../lib/gcc/i686-w64-mingw32/8.1.0/crtbegin.o -LC:/PROGRA~2/mingw-w64/i686-8.1.0-posix-dwarf-rt_v6-rev0/mingw32/bin/../lib/gcc/i686-w64-mingw32/8.1.0 -LC:/PROGRA~2/mingw-w64/i686-8.1.0-posix-dwarf-rt_v6-rev0/mingw32/bin/../lib/gcc -LC:/PROGRA~2/mingw-w64/i686-8.1.0-posix-dwarf-rt_v6-rev0/mingw32/bin/../lib/gcc/i686-w64-mingw32/8.1.0/../../../../i686-w64-mingw32/lib/../lib -LC:/PROGRA~2/mingw-w64/i686-8.1.0-posix-dwarf-rt_v6-rev0/mingw32/bin/../lib/gcc/i686-w64-mingw32/8.1.0/../../../../lib -LC:/PROGRA~2/mingw-w64/i686-8.1.0-posix-dwarf-rt_v6-rev0/mingw32/bin/../lib/gcc/i686-w64-mingw32/8.1.0/../../../../i686-w64-mingw32/lib -LC:/PROGRA~2/mingw-w64/i686-8.1.0-posix-dwarf-rt_v6-rev0/mingw32/bin/../lib/gcc/i686-w64-mingw32/8.1.0/../../.. --whole-archive CMakeFiles\cmTC_fe47a.dir/objects.a --no-whole-archive --out-implib libcmTC_fe47a.dll.a --major-image-version 0 --minor-image-version 0 -lmingw32 -lgcc -lgcc_eh -lmoldname -lmingwex -lmsvcrt -lpthread -ladvapi32 -lshell32 -luser32 -lkernel32 -liconv -lmingw32 -lgcc -lgcc_eh -lmoldname -lmingwex -lmsvcrt C:/PROGRA~2/mingw-w64/i686-8.1.0-posix-dwarf-rt_v6-rev0/mingw32/bin/../lib/gcc/i686-w64-mingw32/8.1.0/crtend.o
COLLECT_GCC_OPTIONS='-v' '-o' 'cmTC_fe47a.exe' '-mtune=generic' '-march=i686'
mingw32-make.exe[1]: Leaving directory 'C:/Users/Dimitri/Desktop/Projetos algoritmos/Guiao 2/signo/cmake-build-debug/CMakeFiles/CMakeTmp'

Cannot copy output executable
  ''
to destination specified by COPY_FILE:
  'C:/Users/Dimitri/Desktop/Projetos algoritmos/Guiao 2/signo/cmake-build-debug/CMakeFiles/3.13.2/CMakeDetermineCompilerABI_C.bin'
Unable to find the executable at any of:
  C:/Users/Dimitri/Desktop/Projetos algoritmos/Guiao 2/signo/cmake-build-debug/CMakeFiles/CMakeTmp/cmTC_fe47a.exe
  C:/Users/Dimitri/Desktop/Projetos algoritmos/Guiao 2/signo/cmake-build-debug/CMakeFiles/CMakeTmp/Debug/cmTC_fe47a.exe
  C:/Users/Dimitri/Desktop/Projetos algoritmos/Guiao 2/signo/cmake-build-debug/CMakeFiles/CMakeTmp/Development/cmTC_fe47a.exe


